<?xml version="1.0" encoding="UTF-8"?>
<testng-results ignored="0" total="7" passed="7" failed="0" skipped="0">
  <reporter-output>
  </reporter-output>
  <suite started-at="2020-09-30T19:04:56 COT" name="lab.EstacionMeteorologicaTest" finished-at="2020-09-30T19:04:56 COT" duration-ms="24">
    <groups>
    </groups>
    <test started-at="2020-09-30T19:04:56 COT" name="Command line test" finished-at="2020-09-30T19:04:56 COT" duration-ms="24">
      <class name="lab.EstacionMeteorologicaTest">
        <test-method signature="UpdateClientTest()[pri:0, instance:lab.EstacionMeteorologicaTest@1786dec2]" started-at="2020-09-30T19:04:56 COT" name="UpdateClientTest" finished-at="2020-09-30T19:04:56 COT" duration-ms="5" status="PASS">
          <reporter-output>
          </reporter-output>
        </test-method> <!-- UpdateClientTest -->
        <test-method signature="test_data_changes_multiple()[pri:0, instance:lab.EstacionMeteorologicaTest@1786dec2]" started-at="2020-09-30T19:04:56 COT" name="test_data_changes_multiple" finished-at="2020-09-30T19:04:56 COT" duration-ms="1" status="PASS">
          <reporter-output>
          </reporter-output>
        </test-method> <!-- test_data_changes_multiple -->
        <test-method signature="test_data_create_multiple()[pri:0, instance:lab.EstacionMeteorologicaTest@1786dec2]" started-at="2020-09-30T19:04:56 COT" name="test_data_create_multiple" finished-at="2020-09-30T19:04:56 COT" duration-ms="0" status="PASS">
          <reporter-output>
          </reporter-output>
        </test-method> <!-- test_data_create_multiple -->
        <test-method signature="test_get_data_multiple()[pri:0, instance:lab.EstacionMeteorologicaTest@1786dec2]" started-at="2020-09-30T19:04:56 COT" name="test_get_data_multiple" finished-at="2020-09-30T19:04:56 COT" duration-ms="0" status="PASS">
          <reporter-output>
          </reporter-output>
        </test-method> <!-- test_get_data_multiple -->
        <test-method signature="test_data_changes_single()[pri:0, instance:lab.EstacionMeteorologicaTest@1786dec2]" started-at="2020-09-30T19:04:56 COT" name="test_data_changes_single" finished-at="2020-09-30T19:04:56 COT" duration-ms="0" status="PASS">
          <reporter-output>
          </reporter-output>
        </test-method> <!-- test_data_changes_single -->
        <test-method signature="test_get_data_single()[pri:0, instance:lab.EstacionMeteorologicaTest@1786dec2]" started-at="2020-09-30T19:04:56 COT" name="test_get_data_single" finished-at="2020-09-30T19:04:56 COT" duration-ms="0" status="PASS">
          <reporter-output>
          </reporter-output>
        </test-method> <!-- test_get_data_single -->
        <test-method signature="tetst_data_create_single()[pri:0, instance:lab.EstacionMeteorologicaTest@1786dec2]" started-at="2020-09-30T19:04:56 COT" name="tetst_data_create_single" finished-at="2020-09-30T19:04:56 COT" duration-ms="0" status="PASS">
          <reporter-output>
          </reporter-output>
        </test-method> <!-- tetst_data_create_single -->
      </class> <!-- lab.EstacionMeteorologicaTest -->
    </test> <!-- Command line test -->
  </suite> <!-- lab.EstacionMeteorologicaTest -->
</testng-results>
