<?xml version="1.0" encoding="UTF-8" ?>
<testsuite tests="7" failures="0" name="lab.EstacionMeteorologicaTest" time="0.008" errors="0" skipped="0">
  <properties>
[...]
</properties>
  <testcase classname="lab.EstacionMeteorologicaTest" name="UpdateClientTest" time="0.007"/>
  <testcase classname="lab.EstacionMeteorologicaTest" name="test_data_changes_multiple" time="0"/>
  <testcase classname="lab.EstacionMeteorologicaTest" name="test_data_changes_single" time="0"/>
  <testcase classname="lab.EstacionMeteorologicaTest" name="test_data_create_multiple" time="0"/>
  <testcase classname="lab.EstacionMeteorologicaTest" name="test_get_data_multiple" time="0.001"/>
  <testcase classname="lab.EstacionMeteorologicaTest" name="test_get_data_single" time="0"/>
  <testcase classname="lab.EstacionMeteorologicaTest" name="tetst_data_create_single" time="0"/>
</testsuite>