<?xml version="1.0" encoding="UTF-8"?>
<!-- Generated by org.testng.reporters.JUnitXMLReporter -->
<testsuite ignored="0" hostname="DESKTOP-CVOTP1V" failures="0" tests="7" name="Command line test" time="0.024" errors="0" timestamp="2020-09-30T19:04:56 COT">
  <testcase classname="lab.EstacionMeteorologicaTest" name="UpdateClientTest" time="0.005"/>
  <testcase classname="lab.EstacionMeteorologicaTest" name="test_data_changes_multiple" time="0.001"/>
  <testcase classname="lab.EstacionMeteorologicaTest" name="test_data_changes_single" time="0.0"/>
  <testcase classname="lab.EstacionMeteorologicaTest" name="test_data_create_multiple" time="0.0"/>
  <testcase classname="lab.EstacionMeteorologicaTest" name="test_get_data_multiple" time="0.0"/>
  <testcase classname="lab.EstacionMeteorologicaTest" name="test_get_data_single" time="0.0"/>
  <testcase classname="lab.EstacionMeteorologicaTest" name="tetst_data_create_single" time="0.0"/>
</testsuite> <!-- Command line test -->
